Performing spearman tests on ['checking_amt', 'duration', 'credit_amount', 'savings', 'installment_commitment', 'residence_since', 'age', 'existing_credits', 'num_dependents']
NOT related (checking_amt, duration):-0.0106487692383853
NOT related (checking_amt, credit_amount):0.012854047765721275
NOT related (checking_amt, savings):0.07877711281372492
NOT related (checking_amt, installment_commitment):-0.06244782331076832
NOT related (checking_amt, residence_since):-0.09362927259742516
NOT related (checking_amt, age):-0.01487868732161582
NOT related (checking_amt, existing_credits):-0.020838224090565075
NOT related (checking_amt, num_dependents):-0.07041672441038649
NOT related (duration, credit_amount):0.6184971823571642
NOT related (duration, savings):0.055255272789881085
NOT related (duration, installment_commitment):0.14002256530610152
NOT related (duration, residence_since):0.0388729479661998
NOT related (duration, age):-0.03375639791525457
NOT related (duration, existing_credits):0.013765086012971245
NOT related (duration, num_dependents):-0.03217473419652731
NOT related (credit_amount, savings):0.011913014007111632
NOT related (credit_amount, installment_commitment):-0.3235672385026634
NOT related (credit_amount, residence_since):0.0054566954993027095
NOT related (credit_amount, age):0.03587988623148901
NOT related (credit_amount, existing_credits):0.0023724985715555444
NOT related (credit_amount, num_dependents):0.041923054007168385
NOT related (savings, installment_commitment):-0.02800787508837623
NOT related (savings, residence_since):0.027810990229208833
NOT related (savings, age):-0.07645021387959669
NOT related (savings, existing_credits):-0.02106032750332478
NOT related (savings, num_dependents):0.030728184627846992
NOT related (installment_commitment, residence_since):0.04822519401448455
NOT related (installment_commitment, age):0.06967735844931679
NOT related (installment_commitment, existing_credits):0.027286162100004695
NOT related (installment_commitment, num_dependents):-0.058307316718872085
NOT related (residence_since, age):0.25330720459860906
NOT related (residence_since, existing_credits):0.0660409547243776
NOT related (residence_since, num_dependents):0.041620967869107434
NOT related (age, existing_credits):0.11847900539790295
NOT related (age, num_dependents):0.19021086533035092
NOT related (existing_credits, num_dependents):0.09456811829293955
Done